<?xml version="1.0" encoding="UTF-8"?>
<testsuite name="Casos" tests="1" skipped="0" failures="0" errors="0" timestamp="2024-08-30T15:58:30" hostname="JEQUIROGAML-196" time="16.353">
  <properties/>
  <testcase name="testCasos()" classname="Casos" time="16.353"/>
  <system-out><![CDATA[]]></system-out>
  <system-err><![CDATA[ago. 30, 2024 10:58:31 A. M. org.openqa.selenium.devtools.CdpVersionFinder findNearestMatch
WARNING: Unable to find an exact match for CDP version 128, returning the closest version; found: 125; Please update to a Selenium version that supports CDP version 128
]]></system-err>
</testsuite>
